e:\Users\fedep\Desktop\Foha\client\dist\out-tsc\src\app\services\auth.service.js
e:\Users\fedep\Desktop\Foha\client\dist\out-tsc\src\app\services\auth.service.js.map
e:\Users\fedep\Desktop\Foha\client\dist\out-tsc\src\app\auth\login\login.component.js
e:\Users\fedep\Desktop\Foha\client\dist\out-tsc\src\app\auth\login\login.component.js.map
e:\Users\fedep\Desktop\Foha\client\dist\out-tsc\src\app\auth\register\register.component.js
e:\Users\fedep\Desktop\Foha\client\dist\out-tsc\src\app\auth\register\register.component.js.map
e:\Users\fedep\Desktop\Foha\client\dist\out-tsc\src\app\models\transformadores.js
e:\Users\fedep\Desktop\Foha\client\dist\out-tsc\src\app\models\transformadores.js.map
e:\Users\fedep\Desktop\Foha\client\dist\out-tsc\src\app\models\etapaTransfo.js
e:\Users\fedep\Desktop\Foha\client\dist\out-tsc\src\app\models\etapaTransfo.js.map
e:\Users\fedep\Desktop\Foha\client\dist\out-tsc\src\app\models\transformadoresEtapas.js
e:\Users\fedep\Desktop\Foha\client\dist\out-tsc\src\app\models\transformadoresEtapas.js.map
e:\Users\fedep\Desktop\Foha\client\dist\out-tsc\src\app\services\transformadores.service.js
e:\Users\fedep\Desktop\Foha\client\dist\out-tsc\src\app\services\transformadores.service.js.map
e:\Users\fedep\Desktop\Foha\client\dist\out-tsc\src\app\models\cliente.js
e:\Users\fedep\Desktop\Foha\client\dist\out-tsc\src\app\models\cliente.js.map
e:\Users\fedep\Desktop\Foha\client\dist\out-tsc\src\app\services\cliente.service.js
e:\Users\fedep\Desktop\Foha\client\dist\out-tsc\src\app\services\cliente.service.js.map
e:\Users\fedep\Desktop\Foha\client\dist\out-tsc\src\app\models\etapa.js
e:\Users\fedep\Desktop\Foha\client\dist\out-tsc\src\app\models\etapa.js.map
e:\Users\fedep\Desktop\Foha\client\dist\out-tsc\src\app\services\etapa.service.js
e:\Users\fedep\Desktop\Foha\client\dist\out-tsc\src\app\services\etapa.service.js.map
e:\Users\fedep\Desktop\Foha\client\dist\out-tsc\src\app\models\tipoEtapa.js
e:\Users\fedep\Desktop\Foha\client\dist\out-tsc\src\app\models\tipoEtapa.js.map
e:\Users\fedep\Desktop\Foha\client\dist\out-tsc\src\app\services\tipo-etapa.service.js
e:\Users\fedep\Desktop\Foha\client\dist\out-tsc\src\app\services\tipo-etapa.service.js.map
e:\Users\fedep\Desktop\Foha\client\dist\out-tsc\src\app\models\Vista.js
e:\Users\fedep\Desktop\Foha\client\dist\out-tsc\src\app\models\Vista.js.map
e:\Users\fedep\Desktop\Foha\client\dist\out-tsc\src\app\services\vista.service.js
e:\Users\fedep\Desktop\Foha\client\dist\out-tsc\src\app\services\vista.service.js.map
e:\Users\fedep\Desktop\Foha\client\dist\out-tsc\src\app\transformadores\transformadores.component.js
e:\Users\fedep\Desktop\Foha\client\dist\out-tsc\src\app\transformadores\transformadores.component.js.map
e:\Users\fedep\Desktop\Foha\client\dist\out-tsc\src\app\models\etapaEmpleado.js
e:\Users\fedep\Desktop\Foha\client\dist\out-tsc\src\app\models\etapaEmpleado.js.map
e:\Users\fedep\Desktop\Foha\client\dist\out-tsc\src\app\models\empleado.js
e:\Users\fedep\Desktop\Foha\client\dist\out-tsc\src\app\models\empleado.js.map
e:\Users\fedep\Desktop\Foha\client\dist\out-tsc\src\app\services\empleado.service.js
e:\Users\fedep\Desktop\Foha\client\dist\out-tsc\src\app\services\empleado.service.js.map
e:\Users\fedep\Desktop\Foha\client\dist\out-tsc\src\app\empleados\empleados.component.js
e:\Users\fedep\Desktop\Foha\client\dist\out-tsc\src\app\empleados\empleados.component.js.map
e:\Users\fedep\Desktop\Foha\client\dist\out-tsc\src\app\clientes\clientes.component.js
e:\Users\fedep\Desktop\Foha\client\dist\out-tsc\src\app\clientes\clientes.component.js.map
e:\Users\fedep\Desktop\Foha\client\dist\out-tsc\src\app\models\tiempo.js
e:\Users\fedep\Desktop\Foha\client\dist\out-tsc\src\app\models\tiempo.js.map
e:\Users\fedep\Desktop\Foha\client\dist\out-tsc\src\app\timer\timer.component.js
e:\Users\fedep\Desktop\Foha\client\dist\out-tsc\src\app\timer\timer.component.js.map
e:\Users\fedep\Desktop\Foha\client\dist\out-tsc\src\app\app-routing.module.js
e:\Users\fedep\Desktop\Foha\client\dist\out-tsc\src\app\app-routing.module.js.map
e:\Users\fedep\Desktop\Foha\client\dist\out-tsc\src\app\app.component.js
e:\Users\fedep\Desktop\Foha\client\dist\out-tsc\src\app\app.component.js.map
e:\Users\fedep\Desktop\Foha\client\dist\out-tsc\src\app\interceptors\token.interceptors.js
e:\Users\fedep\Desktop\Foha\client\dist\out-tsc\src\app\interceptors\token.interceptors.js.map
e:\Users\fedep\Desktop\Foha\client\dist\out-tsc\src\app\nav-bar\nav-bar.component.js
e:\Users\fedep\Desktop\Foha\client\dist\out-tsc\src\app\nav-bar\nav-bar.component.js.map
e:\Users\fedep\Desktop\Foha\client\dist\out-tsc\src\app\app.module.js
e:\Users\fedep\Desktop\Foha\client\dist\out-tsc\src\app\app.module.js.map
e:\Users\fedep\Desktop\Foha\client\dist\out-tsc\src\environments\environment.js
e:\Users\fedep\Desktop\Foha\client\dist\out-tsc\src\environments\environment.js.map
e:\Users\fedep\Desktop\Foha\client\dist\out-tsc\src\main.js
e:\Users\fedep\Desktop\Foha\client\dist\out-tsc\src\main.js.map
e:\Users\fedep\Desktop\Foha\client\dist\out-tsc\src\polyfills.js
e:\Users\fedep\Desktop\Foha\client\dist\out-tsc\src\polyfills.js.map
e:\Users\fedep\Desktop\Foha\client\dist\out-tsc\src\test.js
e:\Users\fedep\Desktop\Foha\client\dist\out-tsc\src\test.js.map
e:\Users\fedep\Desktop\Foha\client\dist\out-tsc\e2e\src\app.po.js
e:\Users\fedep\Desktop\Foha\client\dist\out-tsc\e2e\src\app.po.js.map
e:\Users\fedep\Desktop\Foha\client\dist\out-tsc\e2e\src\app.e2e-spec.js
e:\Users\fedep\Desktop\Foha\client\dist\out-tsc\e2e\src\app.e2e-spec.js.map
e:\Users\fedep\Desktop\Foha\client\dist\out-tsc\src\environments\environment.prod.js
e:\Users\fedep\Desktop\Foha\client\dist\out-tsc\src\environments\environment.prod.js.map
e:\Users\fedep\Desktop\Foha\client\dist\out-tsc\src\app\models\ordenDePedidos.js
e:\Users\fedep\Desktop\Foha\client\dist\out-tsc\src\app\models\ordenDePedidos.js.map
e:\Users\fedep\Desktop\Foha\client\dist\out-tsc\src\app\models\rango.js
e:\Users\fedep\Desktop\Foha\client\dist\out-tsc\src\app\models\rango.js.map
e:\Users\fedep\Desktop\Foha\client\dist\out-tsc\src\app\models\usuario.js
e:\Users\fedep\Desktop\Foha\client\dist\out-tsc\src\app\models\usuario.js.map
e:\Users\fedep\Desktop\Foha\client\dist\out-tsc\src\app\services\orden-de-pedidos.service.js
e:\Users\fedep\Desktop\Foha\client\dist\out-tsc\src\app\services\orden-de-pedidos.service.js.map
e:\Users\fedep\Desktop\Foha\client\dist\out-tsc\src\app\services\rango.service.js
e:\Users\fedep\Desktop\Foha\client\dist\out-tsc\src\app\services\rango.service.js.map
